Checking whether the ASM_NASM compiler is GNU using "--version" did not match "(GNU assembler)|(GCC)|(Free Software Foundation)":
Checking whether the ASM_NASM compiler is HP using "-V" did not match "HP C":
Checking whether the ASM_NASM compiler is Intel using "--version" did not match "(ICC)":
Checking whether the ASM_NASM compiler is SunPro using "-V" did not match "Sun C":
Checking whether the ASM_NASM compiler is XL using "-qversion" did not match "XL C":
Checking whether the ASM_NASM compiler is MSVC using "/?" did not match "Microsoft":
Checking whether the ASM_NASM compiler is TI using "-h" did not match "Texas Instruments":
Checking whether the ASM_NASM compiler is IAR using "" did not match "IAR Assembler":
Checking whether the ASM_NASM compiler is ARMCC using "" did not match "(ARM Compiler)|(ARM Assembler)":
Checking whether the ASM_NASM compiler is NASM using "-v" did not match "(NASM version)":
Checking whether the ASM_NASM compiler is YASM using "--version" did not match "(yasm)":
Determining if the pthread_create exist failed with the following output:
Change Dir: /mnt/c/Users/David/Documents/School/Spring 2020/366f/CSCI_366_Programming_Assignments/cmake-build-debug/CMakeFiles/CMakeTmp

Run Build Command:"/usr/bin/make" "cmTC_76e9f/fast"
/usr/bin/make -f CMakeFiles/cmTC_76e9f.dir/build.make CMakeFiles/cmTC_76e9f.dir/build
make[1]: Entering directory '/mnt/c/Users/David/Documents/School/Spring 2020/366f/CSCI_366_Programming_Assignments/cmake-build-debug/CMakeFiles/CMakeTmp'
Building C object CMakeFiles/cmTC_76e9f.dir/CheckSymbolExists.c.o
/usr/bin/cc    -o CMakeFiles/cmTC_76e9f.dir/CheckSymbolExists.c.o   -c "/mnt/c/Users/David/Documents/School/Spring 2020/366f/CSCI_366_Programming_Assignments/cmake-build-debug/CMakeFiles/CMakeTmp/CheckSymbolExists.c"
Linking C executable cmTC_76e9f
/usr/bin/cmake -E cmake_link_script CMakeFiles/cmTC_76e9f.dir/link.txt --verbose=1
/usr/bin/cc      -rdynamic CMakeFiles/cmTC_76e9f.dir/CheckSymbolExists.c.o  -o cmTC_76e9f 
CMakeFiles/cmTC_76e9f.dir/CheckSymbolExists.c.o: In function `main':
CheckSymbolExists.c:(.text+0x1b): undefined reference to `pthread_create'
collect2: error: ld returned 1 exit status
CMakeFiles/cmTC_76e9f.dir/build.make:97: recipe for target 'cmTC_76e9f' failed
make[1]: *** [cmTC_76e9f] Error 1
make[1]: Leaving directory '/mnt/c/Users/David/Documents/School/Spring 2020/366f/CSCI_366_Programming_Assignments/cmake-build-debug/CMakeFiles/CMakeTmp'
Makefile:126: recipe for target 'cmTC_76e9f/fast' failed
make: *** [cmTC_76e9f/fast] Error 2

File /mnt/c/Users/David/Documents/School/Spring 2020/366f/CSCI_366_Programming_Assignments/cmake-build-debug/CMakeFiles/CMakeTmp/CheckSymbolExists.c:
/* */
#include <pthread.h>

int main(int argc, char** argv)
{
  (void)argv;
#ifndef pthread_create
  return ((int*)(&pthread_create))[argc];
#else
  (void)argc;
  return 0;
#endif
}

Determining if the function pthread_create exists in the pthreads failed with the following output:
Change Dir: /mnt/c/Users/David/Documents/School/Spring 2020/366f/CSCI_366_Programming_Assignments/cmake-build-debug/CMakeFiles/CMakeTmp

Run Build Command:"/usr/bin/make" "cmTC_6c931/fast"
/usr/bin/make -f CMakeFiles/cmTC_6c931.dir/build.make CMakeFiles/cmTC_6c931.dir/build
make[1]: Entering directory '/mnt/c/Users/David/Documents/School/Spring 2020/366f/CSCI_366_Programming_Assignments/cmake-build-debug/CMakeFiles/CMakeTmp'
Building C object CMakeFiles/cmTC_6c931.dir/CheckFunctionExists.c.o
/usr/bin/cc   -DCHECK_FUNCTION_EXISTS=pthread_create   -o CMakeFiles/cmTC_6c931.dir/CheckFunctionExists.c.o   -c /usr/share/cmake-3.10/Modules/CheckFunctionExists.c
Linking C executable cmTC_6c931
/usr/bin/cmake -E cmake_link_script CMakeFiles/cmTC_6c931.dir/link.txt --verbose=1
/usr/bin/cc  -DCHECK_FUNCTION_EXISTS=pthread_create    -rdynamic CMakeFiles/cmTC_6c931.dir/CheckFunctionExists.c.o  -o cmTC_6c931 -lpthreads 
/usr/bin/ld: cannot find -lpthreads
collect2: error: ld returned 1 exit status
CMakeFiles/cmTC_6c931.dir/build.make:97: recipe for target 'cmTC_6c931' failed
make[1]: *** [cmTC_6c931] Error 1
make[1]: Leaving directory '/mnt/c/Users/David/Documents/School/Spring 2020/366f/CSCI_366_Programming_Assignments/cmake-build-debug/CMakeFiles/CMakeTmp'
Makefile:126: recipe for target 'cmTC_6c931/fast' failed
make: *** [cmTC_6c931/fast] Error 2


Checking whether the ASM_NASM compiler is GNU using "--version" did not match "(GNU assembler)|(GCC)|(Free Software Foundation)":
Checking whether the ASM_NASM compiler is HP using "-V" did not match "HP C":
Checking whether the ASM_NASM compiler is Intel using "--version" did not match "(ICC)":
Checking whether the ASM_NASM compiler is SunPro using "-V" did not match "Sun C":
Checking whether the ASM_NASM compiler is XL using "-qversion" did not match "XL C":
Checking whether the ASM_NASM compiler is MSVC using "/?" did not match "Microsoft":
Checking whether the ASM_NASM compiler is TI using "-h" did not match "Texas Instruments":
Checking whether the ASM_NASM compiler is IAR using "" did not match "IAR Assembler":
Checking whether the ASM_NASM compiler is ARMCC using "" did not match "(ARM Compiler)|(ARM Assembler)":
Checking whether the ASM_NASM compiler is NASM using "-v" did not match "(NASM version)":
Checking whether the ASM_NASM compiler is YASM using "--version" did not match "(yasm)":
Checking whether the ASM_NASM compiler is GNU using "--version" did not match "(GNU assembler)|(GCC)|(Free Software Foundation)":
Checking whether the ASM_NASM compiler is HP using "-V" did not match "HP C":
Checking whether the ASM_NASM compiler is Intel using "--version" did not match "(ICC)":
Checking whether the ASM_NASM compiler is SunPro using "-V" did not match "Sun C":
Checking whether the ASM_NASM compiler is XL using "-qversion" did not match "XL C":
Checking whether the ASM_NASM compiler is MSVC using "/?" did not match "Microsoft":
Checking whether the ASM_NASM compiler is TI using "-h" did not match "Texas Instruments":
Checking whether the ASM_NASM compiler is IAR using "" did not match "IAR Assembler":
Checking whether the ASM_NASM compiler is ARMCC using "" did not match "(ARM Compiler)|(ARM Assembler)":
Checking whether the ASM_NASM compiler is NASM using "-v" did not match "(NASM version)":
Checking whether the ASM_NASM compiler is YASM using "--version" did not match "(yasm)":
